{"C:\\Users\\Srinivasan\\Desktop\\Tw\\Treasure-in-the-island\\app.js": {"path":"C:\\Users\\Srinivasan\\Desktop\\Tw\\Treasure-in-the-island\\app.js","statementMap":{"0":{"start":{"line":1,"column":18},"end":{"line":1,"column":23}},"1":{"start":{"line":2,"column":15},"end":{"line":2,"column":20}},"2":{"start":{"line":7,"column":16},"end":{"line":7,"column":147}},"3":{"start":{"line":8,"column":27},"end":{"line":8,"column":46}},"4":{"start":{"line":9,"column":19},"end":{"line":9,"column":20}},"5":{"start":{"line":10,"column":28},"end":{"line":10,"column":30}},"6":{"start":{"line":11,"column":20},"end":{"line":11,"column":36}},"7":{"start":{"line":12,"column":18},"end":{"line":12,"column":32}},"8":{"start":{"line":13,"column":20},"end":{"line":13,"column":36}},"9":{"start":{"line":14,"column":21},"end":{"line":14,"column":38}},"10":{"start":{"line":15,"column":15},"end":{"line":15,"column":25}},"11":{"start":{"line":16,"column":14},"end":{"line":16,"column":23}},"12":{"start":{"line":21,"column":4},"end":{"line":28,"column":30}},"13":{"start":{"line":23,"column":26},"end":{"line":23,"column":72}},"14":{"start":{"line":24,"column":22},"end":{"line":24,"column":35}},"15":{"start":{"line":25,"column":25},"end":{"line":25,"column":38}},"16":{"start":{"line":26,"column":8},"end":{"line":26,"column":42}},"17":{"start":{"line":28,"column":9},"end":{"line":28,"column":30}},"18":{"start":{"line":33,"column":4},"end":{"line":37,"column":11}},"19":{"start":{"line":43,"column":16},"end":{"line":43,"column":45}},"20":{"start":{"line":44,"column":4},"end":{"line":44,"column":29}},"21":{"start":{"line":45,"column":4},"end":{"line":45,"column":24}},"22":{"start":{"line":46,"column":4},"end":{"line":46,"column":69}},"23":{"start":{"line":47,"column":4},"end":{"line":47,"column":44}},"24":{"start":{"line":48,"column":20},"end":{"line":48,"column":50}},"25":{"start":{"line":49,"column":23},"end":{"line":49,"column":59}},"26":{"start":{"line":50,"column":4},"end":{"line":50,"column":61}},"27":{"start":{"line":51,"column":4},"end":{"line":51,"column":42}},"28":{"start":{"line":52,"column":4},"end":{"line":52,"column":83}},"29":{"start":{"line":53,"column":4},"end":{"line":53,"column":35}},"30":{"start":{"line":54,"column":4},"end":{"line":54,"column":39}},"31":{"start":{"line":55,"column":4},"end":{"line":55,"column":23}},"32":{"start":{"line":60,"column":4},"end":{"line":60,"column":44}},"33":{"start":{"line":61,"column":14},"end":{"line":61,"column":20}},"34":{"start":{"line":62,"column":4},"end":{"line":76,"column":5}},"35":{"start":{"line":62,"column":16},"end":{"line":62,"column":17}},"36":{"start":{"line":64,"column":19},"end":{"line":64,"column":48}},"37":{"start":{"line":65,"column":8},"end":{"line":73,"column":9}},"38":{"start":{"line":65,"column":23},"end":{"line":65,"column":24}},"39":{"start":{"line":67,"column":30},"end":{"line":67,"column":59}},"40":{"start":{"line":68,"column":12},"end":{"line":68,"column":71}},"41":{"start":{"line":69,"column":12},"end":{"line":69,"column":62}},"42":{"start":{"line":70,"column":12},"end":{"line":70,"column":103}},"43":{"start":{"line":71,"column":12},"end":{"line":71,"column":47}},"44":{"start":{"line":72,"column":12},"end":{"line":72,"column":46}},"45":{"start":{"line":74,"column":8},"end":{"line":74,"column":38}},"46":{"start":{"line":75,"column":7},"end":{"line":75,"column":37}},"47":{"start":{"line":77,"column":4},"end":{"line":77,"column":33}},"48":{"start":{"line":78,"column":4},"end":{"line":78,"column":21}},"49":{"start":{"line":83,"column":4},"end":{"line":87,"column":6}},"50":{"start":{"line":92,"column":4},"end":{"line":92,"column":47}},"51":{"start":{"line":92,"column":21},"end":{"line":92,"column":47}},"52":{"start":{"line":93,"column":4},"end":{"line":93,"column":31}},"53":{"start":{"line":98,"column":4},"end":{"line":98,"column":35}},"54":{"start":{"line":98,"column":21},"end":{"line":98,"column":35}},"55":{"start":{"line":99,"column":4},"end":{"line":99,"column":18}},"56":{"start":{"line":104,"column":25},"end":{"line":104,"column":54}},"57":{"start":{"line":105,"column":4},"end":{"line":105,"column":48}},"58":{"start":{"line":106,"column":4},"end":{"line":106,"column":71}},"59":{"start":{"line":107,"column":4},"end":{"line":107,"column":28}},"60":{"start":{"line":112,"column":27},"end":{"line":112,"column":39}},"61":{"start":{"line":113,"column":4},"end":{"line":113,"column":30}},"62":{"start":{"line":118,"column":4},"end":{"line":118,"column":47}},"63":{"start":{"line":123,"column":4},"end":{"line":123,"column":50}},"64":{"start":{"line":128,"column":4},"end":{"line":128,"column":34}},"65":{"start":{"line":133,"column":4},"end":{"line":137,"column":5}},"66":{"start":{"line":135,"column":8},"end":{"line":135,"column":75}},"67":{"start":{"line":136,"column":8},"end":{"line":136,"column":52}},"68":{"start":{"line":143,"column":4},"end":{"line":143,"column":31}},"69":{"start":{"line":144,"column":17},"end":{"line":144,"column":40}},"70":{"start":{"line":145,"column":20},"end":{"line":145,"column":31}},"71":{"start":{"line":146,"column":23},"end":{"line":146,"column":34}},"72":{"start":{"line":148,"column":4},"end":{"line":157,"column":5}},"73":{"start":{"line":150,"column":8},"end":{"line":150,"column":73}},"74":{"start":{"line":151,"column":8},"end":{"line":151,"column":87}},"75":{"start":{"line":152,"column":8},"end":{"line":152,"column":28}},"76":{"start":{"line":155,"column":8},"end":{"line":155,"column":50}},"77":{"start":{"line":156,"column":8},"end":{"line":156,"column":23}},"78":{"start":{"line":163,"column":1},"end":{"line":163,"column":69}},"79":{"start":{"line":168,"column":4},"end":{"line":168,"column":90}},"80":{"start":{"line":169,"column":4},"end":{"line":169,"column":95}},"81":{"start":{"line":170,"column":4},"end":{"line":170,"column":31}},"82":{"start":{"line":175,"column":4},"end":{"line":193,"column":5}},"83":{"start":{"line":177,"column":8},"end":{"line":177,"column":29}},"84":{"start":{"line":179,"column":9},"end":{"line":193,"column":5}},"85":{"start":{"line":181,"column":8},"end":{"line":181,"column":27}},"86":{"start":{"line":185,"column":8},"end":{"line":192,"column":9}},"87":{"start":{"line":187,"column":12},"end":{"line":187,"column":34}},"88":{"start":{"line":189,"column":13},"end":{"line":192,"column":9}},"89":{"start":{"line":191,"column":12},"end":{"line":191,"column":33}},"90":{"start":{"line":198,"column":4},"end":{"line":198,"column":48}},"91":{"start":{"line":199,"column":4},"end":{"line":199,"column":38}},"92":{"start":{"line":200,"column":4},"end":{"line":200,"column":32}},"93":{"start":{"line":205,"column":4},"end":{"line":205,"column":80}},"94":{"start":{"line":206,"column":4},"end":{"line":209,"column":5}},"95":{"start":{"line":208,"column":8},"end":{"line":208,"column":88}},"96":{"start":{"line":210,"column":4},"end":{"line":210,"column":68}},"97":{"start":{"line":215,"column":4},"end":{"line":215,"column":58}},"98":{"start":{"line":220,"column":4},"end":{"line":220,"column":52}},"99":{"start":{"line":221,"column":4},"end":{"line":221,"column":41}},"100":{"start":{"line":222,"column":4},"end":{"line":222,"column":32}},"101":{"start":{"line":223,"column":4},"end":{"line":223,"column":63}},"102":{"start":{"line":224,"column":4},"end":{"line":224,"column":33}},"103":{"start":{"line":225,"column":4},"end":{"line":225,"column":20}},"104":{"start":{"line":230,"column":4},"end":{"line":230,"column":68}},"105":{"start":{"line":231,"column":4},"end":{"line":231,"column":57}},"106":{"start":{"line":232,"column":4},"end":{"line":232,"column":43}},"107":{"start":{"line":233,"column":4},"end":{"line":233,"column":48}},"108":{"start":{"line":238,"column":4},"end":{"line":242,"column":5}},"109":{"start":{"line":240,"column":8},"end":{"line":240,"column":53}},"110":{"start":{"line":241,"column":8},"end":{"line":241,"column":24}},"111":{"start":{"line":247,"column":4},"end":{"line":247,"column":35}},"112":{"start":{"line":252,"column":4},"end":{"line":252,"column":52}},"113":{"start":{"line":253,"column":4},"end":{"line":253,"column":42}},"114":{"start":{"line":254,"column":4},"end":{"line":254,"column":34}},"115":{"start":{"line":255,"column":4},"end":{"line":255,"column":31}},"116":{"start":{"line":256,"column":4},"end":{"line":256,"column":24}},"117":{"start":{"line":257,"column":4},"end":{"line":257,"column":34}},"118":{"start":{"line":258,"column":4},"end":{"line":258,"column":20}},"119":{"start":{"line":263,"column":4},"end":{"line":263,"column":51}},"120":{"start":{"line":264,"column":4},"end":{"line":264,"column":58}},"121":{"start":{"line":267,"column":0},"end":{"line":267,"column":59}},"122":{"start":{"line":268,"column":0},"end":{"line":268,"column":55}},"123":{"start":{"line":269,"column":0},"end":{"line":269,"column":51}},"124":{"start":{"line":270,"column":0},"end":{"line":270,"column":53}},"125":{"start":{"line":271,"column":0},"end":{"line":271,"column":59}},"126":{"start":{"line":272,"column":0},"end":{"line":272,"column":43}},"127":{"start":{"line":273,"column":0},"end":{"line":273,"column":28}},"128":{"start":{"line":274,"column":0},"end":{"line":274,"column":29}}},"fnMap":{"0":{"name":"createGame","decl":{"start":{"line":19,"column":9},"end":{"line":19,"column":19}},"loc":{"start":{"line":20,"column":0},"end":{"line":29,"column":1}},"line":20},"1":{"name":"gameAlreadyRunning","decl":{"start":{"line":31,"column":9},"end":{"line":31,"column":27}},"loc":{"start":{"line":32,"column":0},"end":{"line":38,"column":1}},"line":32},"2":{"name":"startGame","decl":{"start":{"line":40,"column":9},"end":{"line":40,"column":18}},"loc":{"start":{"line":41,"column":0},"end":{"line":56,"column":1}},"line":41},"3":{"name":"generateIslandTab","decl":{"start":{"line":58,"column":9},"end":{"line":58,"column":26}},"loc":{"start":{"line":59,"column":0},"end":{"line":79,"column":1}},"line":59},"4":{"name":"generateGameRules","decl":{"start":{"line":81,"column":10},"end":{"line":81,"column":27}},"loc":{"start":{"line":82,"column":0},"end":{"line":88,"column":1}},"line":82},"5":{"name":"generateIslandCellClassName","decl":{"start":{"line":90,"column":9},"end":{"line":90,"column":36}},"loc":{"start":{"line":91,"column":0},"end":{"line":94,"column":1}},"line":91},"6":{"name":"changeIslandCellColor","decl":{"start":{"line":96,"column":9},"end":{"line":96,"column":30}},"loc":{"start":{"line":97,"column":0},"end":{"line":100,"column":1}},"line":97},"7":{"name":"generateTreasureTab","decl":{"start":{"line":102,"column":9},"end":{"line":102,"column":28}},"loc":{"start":{"line":103,"column":0},"end":{"line":108,"column":1}},"line":103},"8":{"name":"generateTreasureCoins","decl":{"start":{"line":110,"column":9},"end":{"line":110,"column":30}},"loc":{"start":{"line":111,"column":0},"end":{"line":114,"column":1}},"line":111},"9":{"name":"generateTreasureRow","decl":{"start":{"line":116,"column":9},"end":{"line":116,"column":28}},"loc":{"start":{"line":117,"column":0},"end":{"line":119,"column":1}},"line":117},"10":{"name":"generateTreasureColumn","decl":{"start":{"line":121,"column":9},"end":{"line":121,"column":31}},"loc":{"start":{"line":122,"column":0},"end":{"line":124,"column":1}},"line":122},"11":{"name":"generateIslandCellId","decl":{"start":{"line":126,"column":9},"end":{"line":126,"column":29}},"loc":{"start":{"line":127,"column":0},"end":{"line":129,"column":1}},"line":127},"12":{"name":"playGame","decl":{"start":{"line":131,"column":9},"end":{"line":131,"column":17}},"loc":{"start":{"line":132,"column":0},"end":{"line":139,"column":1}},"line":132},"13":{"name":"checkForTreasureAndGiveClue","decl":{"start":{"line":141,"column":9},"end":{"line":141,"column":36}},"loc":{"start":{"line":142,"column":0},"end":{"line":159,"column":1}},"line":142},"14":{"name":"isTreasureNotFound","decl":{"start":{"line":161,"column":9},"end":{"line":161,"column":27}},"loc":{"start":{"line":162,"column":0},"end":{"line":164,"column":1}},"line":162},"15":{"name":"giveCluesOnSelectedCell","decl":{"start":{"line":166,"column":9},"end":{"line":166,"column":32}},"loc":{"start":{"line":167,"column":0},"end":{"line":171,"column":1}},"line":167},"16":{"name":"generateClues","decl":{"start":{"line":173,"column":9},"end":{"line":173,"column":22}},"loc":{"start":{"line":174,"column":0},"end":{"line":194,"column":1}},"line":174},"17":{"name":"minimizeTreasureCoins","decl":{"start":{"line":196,"column":9},"end":{"line":196,"column":30}},"loc":{"start":{"line":197,"column":0},"end":{"line":201,"column":1}},"line":197},"18":{"name":"modifyTreasureTab","decl":{"start":{"line":203,"column":9},"end":{"line":203,"column":26}},"loc":{"start":{"line":204,"column":0},"end":{"line":211,"column":1}},"line":204},"19":{"name":"hasSafeAmountOfCoins","decl":{"start":{"line":213,"column":9},"end":{"line":213,"column":29}},"loc":{"start":{"line":214,"column":0},"end":{"line":216,"column":1}},"line":214},"20":{"name":"treasureFound","decl":{"start":{"line":218,"column":9},"end":{"line":218,"column":22}},"loc":{"start":{"line":219,"column":0},"end":{"line":226,"column":1}},"line":219},"21":{"name":"displayTreasureCell","decl":{"start":{"line":228,"column":9},"end":{"line":228,"column":28}},"loc":{"start":{"line":229,"column":0},"end":{"line":234,"column":1}},"line":229},"22":{"name":"canContinueGame","decl":{"start":{"line":236,"column":9},"end":{"line":236,"column":24}},"loc":{"start":{"line":237,"column":0},"end":{"line":243,"column":1}},"line":237},"23":{"name":"hasEnoughCoins","decl":{"start":{"line":245,"column":9},"end":{"line":245,"column":23}},"loc":{"start":{"line":246,"column":0},"end":{"line":248,"column":1}},"line":246},"24":{"name":"treasureNotFound","decl":{"start":{"line":250,"column":9},"end":{"line":250,"column":25}},"loc":{"start":{"line":251,"column":0},"end":{"line":259,"column":1}},"line":251},"25":{"name":"terminateGame","decl":{"start":{"line":261,"column":9},"end":{"line":261,"column":22}},"loc":{"start":{"line":262,"column":0},"end":{"line":265,"column":1}},"line":262}},"branchMap":{"0":{"loc":{"start":{"line":21,"column":4},"end":{"line":28,"column":30}},"type":"if","locations":[{"start":{"line":21,"column":4},"end":{"line":28,"column":30}},{"start":{"line":21,"column":4},"end":{"line":28,"column":30}}],"line":21},"1":{"loc":{"start":{"line":92,"column":4},"end":{"line":92,"column":47}},"type":"if","locations":[{"start":{"line":92,"column":4},"end":{"line":92,"column":47}},{"start":{"line":92,"column":4},"end":{"line":92,"column":47}}],"line":92},"2":{"loc":{"start":{"line":98,"column":4},"end":{"line":98,"column":35}},"type":"if","locations":[{"start":{"line":98,"column":4},"end":{"line":98,"column":35}},{"start":{"line":98,"column":4},"end":{"line":98,"column":35}}],"line":98},"3":{"loc":{"start":{"line":133,"column":4},"end":{"line":137,"column":5}},"type":"if","locations":[{"start":{"line":133,"column":4},"end":{"line":137,"column":5}},{"start":{"line":133,"column":4},"end":{"line":137,"column":5}}],"line":133},"4":{"loc":{"start":{"line":148,"column":4},"end":{"line":157,"column":5}},"type":"if","locations":[{"start":{"line":148,"column":4},"end":{"line":157,"column":5}},{"start":{"line":148,"column":4},"end":{"line":157,"column":5}}],"line":148},"5":{"loc":{"start":{"line":163,"column":9},"end":{"line":163,"column":67}},"type":"binary-expr","locations":[{"start":{"line":163,"column":9},"end":{"line":163,"column":33}},{"start":{"line":163,"column":37},"end":{"line":163,"column":67}}],"line":163},"6":{"loc":{"start":{"line":175,"column":4},"end":{"line":193,"column":5}},"type":"if","locations":[{"start":{"line":175,"column":4},"end":{"line":193,"column":5}},{"start":{"line":175,"column":4},"end":{"line":193,"column":5}}],"line":175},"7":{"loc":{"start":{"line":179,"column":9},"end":{"line":193,"column":5}},"type":"if","locations":[{"start":{"line":179,"column":9},"end":{"line":193,"column":5}},{"start":{"line":179,"column":9},"end":{"line":193,"column":5}}],"line":179},"8":{"loc":{"start":{"line":185,"column":8},"end":{"line":192,"column":9}},"type":"if","locations":[{"start":{"line":185,"column":8},"end":{"line":192,"column":9}},{"start":{"line":185,"column":8},"end":{"line":192,"column":9}}],"line":185},"9":{"loc":{"start":{"line":189,"column":13},"end":{"line":192,"column":9}},"type":"if","locations":[{"start":{"line":189,"column":13},"end":{"line":192,"column":9}},{"start":{"line":189,"column":13},"end":{"line":192,"column":9}}],"line":189},"10":{"loc":{"start":{"line":206,"column":4},"end":{"line":209,"column":5}},"type":"if","locations":[{"start":{"line":206,"column":4},"end":{"line":209,"column":5}},{"start":{"line":206,"column":4},"end":{"line":209,"column":5}}],"line":206},"11":{"loc":{"start":{"line":238,"column":4},"end":{"line":242,"column":5}},"type":"if","locations":[{"start":{"line":238,"column":4},"end":{"line":242,"column":5}},{"start":{"line":238,"column":4},"end":{"line":242,"column":5}}],"line":238}},"s":{"0":1,"1":1,"2":1,"3":1,"4":1,"5":1,"6":1,"7":1,"8":1,"9":1,"10":1,"11":1,"12":0,"13":0,"14":0,"15":0,"16":0,"17":0,"18":0,"19":0,"20":0,"21":0,"22":0,"23":0,"24":0,"25":0,"26":0,"27":0,"28":0,"29":0,"30":0,"31":0,"32":1,"33":1,"34":1,"35":1,"36":3,"37":3,"38":3,"39":9,"40":9,"41":9,"42":9,"43":9,"44":9,"45":3,"46":3,"47":1,"48":1,"49":0,"50":9,"51":5,"52":4,"53":9,"54":5,"55":4,"56":1,"57":1,"58":1,"59":1,"60":2,"61":2,"62":0,"63":0,"64":9,"65":0,"66":0,"67":0,"68":0,"69":0,"70":0,"71":0,"72":0,"73":0,"74":0,"75":0,"76":0,"77":0,"78":2,"79":0,"80":0,"81":0,"82":4,"83":1,"84":3,"85":1,"86":2,"87":1,"88":1,"89":1,"90":1,"91":1,"92":1,"93":0,"94":0,"95":0,"96":0,"97":0,"98":0,"99":0,"100":0,"101":0,"102":0,"103":0,"104":0,"105":0,"106":0,"107":0,"108":0,"109":0,"110":0,"111":0,"112":0,"113":0,"114":0,"115":0,"116":0,"117":0,"118":0,"119":0,"120":0,"121":1,"122":1,"123":1,"124":1,"125":1,"126":1,"127":1,"128":1},"f":{"0":0,"1":0,"2":0,"3":1,"4":0,"5":9,"6":9,"7":1,"8":2,"9":0,"10":0,"11":9,"12":0,"13":0,"14":2,"15":0,"16":4,"17":1,"18":0,"19":0,"20":0,"21":0,"22":0,"23":0,"24":0,"25":0},"b":{"0":[0,0],"1":[5,4],"2":[5,4],"3":[0,0],"4":[0,0],"5":[2,1],"6":[1,3],"7":[1,2],"8":[1,1],"9":[1,0],"10":[0,0],"11":[0,0]},"_coverageSchema":"1a1c01bbd47fc00a2c39e90264f33305004495a9","hash":"bd9bb9688c3a8ce7b46a0e4cf5a2e75e5fa11342"}
}
