TN:
SF:app.js
FN:19,createGame
FN:31,gameAlreadyRunning
FN:40,startGame
FN:58,generateIslandTab
FN:81,generateGameRules
FN:90,generateIslandCellClassName
FN:96,changeIslandCellColor
FN:102,generateTreasureTab
FN:110,generateTreasureCoins
FN:116,generateTreasureRow
FN:121,generateTreasureColumn
FN:126,generateIslandCellId
FN:131,playGame
FN:141,checkForTreasureAndGiveClue
FN:161,isTreasureNotFound
FN:166,giveCluesOnSelectedCell
FN:173,generateClues
FN:196,minimizeTreasureCoins
FN:203,modifyTreasureTab
FN:213,hasSafeAmountOfCoins
FN:218,treasureFound
FN:228,displayTreasureCell
FN:236,canContinueGame
FN:245,hasEnoughCoins
FN:250,treasureNotFound
FN:261,terminateGame
FNF:26
FNH:9
FNDA:0,createGame
FNDA:0,gameAlreadyRunning
FNDA:0,startGame
FNDA:1,generateIslandTab
FNDA:0,generateGameRules
FNDA:9,generateIslandCellClassName
FNDA:9,changeIslandCellColor
FNDA:1,generateTreasureTab
FNDA:2,generateTreasureCoins
FNDA:0,generateTreasureRow
FNDA:0,generateTreasureColumn
FNDA:9,generateIslandCellId
FNDA:0,playGame
FNDA:0,checkForTreasureAndGiveClue
FNDA:2,isTreasureNotFound
FNDA:0,giveCluesOnSelectedCell
FNDA:4,generateClues
FNDA:1,minimizeTreasureCoins
FNDA:0,modifyTreasureTab
FNDA:0,hasSafeAmountOfCoins
FNDA:0,treasureFound
FNDA:0,displayTreasureCell
FNDA:0,canContinueGame
FNDA:0,hasEnoughCoins
FNDA:0,treasureNotFound
FNDA:0,terminateGame
DA:1,1
DA:2,1
DA:7,1
DA:8,1
DA:9,1
DA:10,1
DA:11,1
DA:12,1
DA:13,1
DA:14,1
DA:15,1
DA:16,1
DA:21,0
DA:23,0
DA:24,0
DA:25,0
DA:26,0
DA:28,0
DA:33,0
DA:43,0
DA:44,0
DA:45,0
DA:46,0
DA:47,0
DA:48,0
DA:49,0
DA:50,0
DA:51,0
DA:52,0
DA:53,0
DA:54,0
DA:55,0
DA:60,1
DA:61,1
DA:62,1
DA:64,3
DA:65,3
DA:67,9
DA:68,9
DA:69,9
DA:70,9
DA:71,9
DA:72,9
DA:74,3
DA:75,3
DA:77,1
DA:78,1
DA:83,0
DA:92,9
DA:93,4
DA:98,9
DA:99,4
DA:104,1
DA:105,1
DA:106,1
DA:107,1
DA:112,2
DA:113,2
DA:118,0
DA:123,0
DA:128,9
DA:133,0
DA:135,0
DA:136,0
DA:143,0
DA:144,0
DA:145,0
DA:146,0
DA:148,0
DA:150,0
DA:151,0
DA:152,0
DA:155,0
DA:156,0
DA:163,2
DA:168,0
DA:169,0
DA:170,0
DA:175,4
DA:177,1
DA:179,3
DA:181,1
DA:185,2
DA:187,1
DA:189,1
DA:191,1
DA:198,1
DA:199,1
DA:200,1
DA:205,0
DA:206,0
DA:208,0
DA:210,0
DA:215,0
DA:220,0
DA:221,0
DA:222,0
DA:223,0
DA:224,0
DA:225,0
DA:230,0
DA:231,0
DA:232,0
DA:233,0
DA:238,0
DA:240,0
DA:241,0
DA:247,0
DA:252,0
DA:253,0
DA:254,0
DA:255,0
DA:256,0
DA:257,0
DA:258,0
DA:263,0
DA:264,0
DA:267,1
DA:268,1
DA:269,1
DA:270,1
DA:271,1
DA:272,1
DA:273,1
DA:274,1
LF:125
LH:58
BRDA:21,0,0,0
BRDA:21,0,1,0
BRDA:92,1,0,5
BRDA:92,1,1,4
BRDA:98,2,0,5
BRDA:98,2,1,4
BRDA:133,3,0,0
BRDA:133,3,1,0
BRDA:148,4,0,0
BRDA:148,4,1,0
BRDA:163,5,0,2
BRDA:163,5,1,1
BRDA:175,6,0,1
BRDA:175,6,1,3
BRDA:179,7,0,1
BRDA:179,7,1,2
BRDA:185,8,0,1
BRDA:185,8,1,1
BRDA:189,9,0,1
BRDA:189,9,1,0
BRDA:206,10,0,0
BRDA:206,10,1,0
BRDA:238,11,0,0
BRDA:238,11,1,0
BRF:24
BRH:13
end_of_record
